
*** Running vivado
    with args -log mip.vds -m64 -product Vivado -mode batch -messageDb vivado.pb -notrace -source mip.tcl



****** Vivado v2022.1 (64-bit)
  **** SW Build 3526262 on Mon Apr 18 15:48:16 MDT 2022
  **** IP Build 3524634 on Mon Apr 18 20:55:01 MDT 2022
    ** Copyright 1986-2022 Xilinx, Inc. All Rights Reserved.

source mip.tcl -notrace
Command: synth_design -top mip -part xc7a75tcsg324-1
Starting synth_design
Attempting to get a license for feature 'Synthesis' and/or device 'xc7a75t'
INFO: [Common 17-349] Got license for feature 'Synthesis' and/or device 'xc7a75t'
INFO: [Synth 8-7079] Multithreading enabled for synth_design using a maximum of 2 processes.
INFO: [Synth 8-7078] Launching helper process for spawning children vivado processes
INFO: [Synth 8-7075] Helper process launched with PID 27464
---------------------------------------------------------------------------------
Starting Synthesize : Time (s): cpu = 00:00:03 ; elapsed = 00:00:06 . Memory (MB): peak = 1293.246 ; gain = 0.000
---------------------------------------------------------------------------------
INFO: [Synth 8-638] synthesizing module 'mip' [C:/Users/norag/OneDrive/Desktop/University/2nd Year/2nd sem/CA/MIPS/MIPS/MIPS.srcs/sources_1/new/mip.vhd:17]
INFO: [Synth 8-638] synthesizing module 'SSD' [C:/Users/norag/OneDrive/Desktop/University/2nd Year/2nd sem/CA/MIPS/MIPS/MIPS.srcs/sources_1/new/SSD.vhd:16]
INFO: [Synth 8-256] done synthesizing module 'SSD' (0#1) [C:/Users/norag/OneDrive/Desktop/University/2nd Year/2nd sem/CA/MIPS/MIPS/MIPS.srcs/sources_1/new/SSD.vhd:16]
INFO: [Synth 8-638] synthesizing module 'debouncer' [C:/Users/norag/OneDrive/Desktop/University/2nd Year/2nd sem/CA/MIPS/MIPS/MIPS.srcs/sources_1/new/debouncer.vhd:13]
INFO: [Synth 8-256] done synthesizing module 'debouncer' (0#1) [C:/Users/norag/OneDrive/Desktop/University/2nd Year/2nd sem/CA/MIPS/MIPS/MIPS.srcs/sources_1/new/debouncer.vhd:13]
INFO: [Synth 8-638] synthesizing module 'InstructionFetch' [C:/Users/norag/OneDrive/Desktop/University/2nd Year/2nd sem/CA/MIPS/MIPS/MIPS.srcs/sources_1/new/InstructionFetch.vhd:43]
INFO: [Synth 8-3491] module 'Memory' declared at 'C:/Users/norag/OneDrive/Desktop/University/2nd Year/2nd sem/CA/MIPS/MIPS/MIPS.srcs/sources_1/new/Memory.vhd:27' bound to instance 'mem' of component 'Memory' [C:/Users/norag/OneDrive/Desktop/University/2nd Year/2nd sem/CA/MIPS/MIPS/MIPS.srcs/sources_1/new/InstructionFetch.vhd:58]
INFO: [Synth 8-638] synthesizing module 'Memory' [C:/Users/norag/OneDrive/Desktop/University/2nd Year/2nd sem/CA/MIPS/MIPS/MIPS.srcs/sources_1/new/Memory.vhd:37]
INFO: [Synth 8-256] done synthesizing module 'Memory' (0#1) [C:/Users/norag/OneDrive/Desktop/University/2nd Year/2nd sem/CA/MIPS/MIPS/MIPS.srcs/sources_1/new/Memory.vhd:37]
WARNING: [Synth 8-614] signal 'branchAdr' is read in the process but is not in the sensitivity list [C:/Users/norag/OneDrive/Desktop/University/2nd Year/2nd sem/CA/MIPS/MIPS/MIPS.srcs/sources_1/new/InstructionFetch.vhd:64]
WARNING: [Synth 8-614] signal 'ad' is read in the process but is not in the sensitivity list [C:/Users/norag/OneDrive/Desktop/University/2nd Year/2nd sem/CA/MIPS/MIPS/MIPS.srcs/sources_1/new/InstructionFetch.vhd:64]
WARNING: [Synth 8-614] signal 'jumpAdr' is read in the process but is not in the sensitivity list [C:/Users/norag/OneDrive/Desktop/University/2nd Year/2nd sem/CA/MIPS/MIPS/MIPS.srcs/sources_1/new/InstructionFetch.vhd:73]
WARNING: [Synth 8-614] signal 'mux1' is read in the process but is not in the sensitivity list [C:/Users/norag/OneDrive/Desktop/University/2nd Year/2nd sem/CA/MIPS/MIPS/MIPS.srcs/sources_1/new/InstructionFetch.vhd:73]
INFO: [Synth 8-256] done synthesizing module 'InstructionFetch' (0#1) [C:/Users/norag/OneDrive/Desktop/University/2nd Year/2nd sem/CA/MIPS/MIPS/MIPS.srcs/sources_1/new/InstructionFetch.vhd:43]
INFO: [Synth 8-638] synthesizing module 'MainControl' [C:/Users/norag/OneDrive/Desktop/University/2nd Year/2nd sem/CA/MIPS/MIPS/MIPS.srcs/sources_1/new/MainControl.vhd:25]
INFO: [Synth 8-256] done synthesizing module 'MainControl' (0#1) [C:/Users/norag/OneDrive/Desktop/University/2nd Year/2nd sem/CA/MIPS/MIPS/MIPS.srcs/sources_1/new/MainControl.vhd:25]
INFO: [Synth 8-638] synthesizing module 'InstructionDecode' [C:/Users/norag/OneDrive/Desktop/University/2nd Year/2nd sem/CA/MIPS/MIPS/MIPS.srcs/sources_1/new/InstructionDecode.vhd:27]
WARNING: [Synth 8-614] signal 'rd' is read in the process but is not in the sensitivity list [C:/Users/norag/OneDrive/Desktop/University/2nd Year/2nd sem/CA/MIPS/MIPS/MIPS.srcs/sources_1/new/InstructionDecode.vhd:53]
WARNING: [Synth 8-614] signal 'rt' is read in the process but is not in the sensitivity list [C:/Users/norag/OneDrive/Desktop/University/2nd Year/2nd sem/CA/MIPS/MIPS/MIPS.srcs/sources_1/new/InstructionDecode.vhd:53]
INFO: [Synth 8-3491] module 'registerFile' declared at 'C:/Users/norag/OneDrive/Desktop/University/2nd Year/2nd sem/CA/MIPS/MIPS/MIPS.srcs/sources_1/new/registerFile.vhd:6' bound to instance 'regFile' of component 'registerFile' [C:/Users/norag/OneDrive/Desktop/University/2nd Year/2nd sem/CA/MIPS/MIPS/MIPS.srcs/sources_1/new/InstructionDecode.vhd:61]
INFO: [Synth 8-638] synthesizing module 'registerFile' [C:/Users/norag/OneDrive/Desktop/University/2nd Year/2nd sem/CA/MIPS/MIPS/MIPS.srcs/sources_1/new/registerFile.vhd:24]
WARNING: [Synth 8-614] signal 'en' is read in the process but is not in the sensitivity list [C:/Users/norag/OneDrive/Desktop/University/2nd Year/2nd sem/CA/MIPS/MIPS/MIPS.srcs/sources_1/new/registerFile.vhd:32]
INFO: [Synth 8-256] done synthesizing module 'registerFile' (0#1) [C:/Users/norag/OneDrive/Desktop/University/2nd Year/2nd sem/CA/MIPS/MIPS/MIPS.srcs/sources_1/new/registerFile.vhd:24]
WARNING: [Synth 8-614] signal 'instr' is read in the process but is not in the sensitivity list [C:/Users/norag/OneDrive/Desktop/University/2nd Year/2nd sem/CA/MIPS/MIPS/MIPS.srcs/sources_1/new/InstructionDecode.vhd:64]
WARNING: [Synth 8-614] signal 'imd' is read in the process but is not in the sensitivity list [C:/Users/norag/OneDrive/Desktop/University/2nd Year/2nd sem/CA/MIPS/MIPS/MIPS.srcs/sources_1/new/InstructionDecode.vhd:64]
INFO: [Synth 8-256] done synthesizing module 'InstructionDecode' (0#1) [C:/Users/norag/OneDrive/Desktop/University/2nd Year/2nd sem/CA/MIPS/MIPS/MIPS.srcs/sources_1/new/InstructionDecode.vhd:27]
INFO: [Synth 8-638] synthesizing module 'executeUnit' [C:/Users/norag/OneDrive/Desktop/University/2nd Year/2nd sem/CA/MIPS/MIPS/MIPS.srcs/sources_1/new/executeUnit.vhd:27]
WARNING: [Synth 8-614] signal 'ext_imm' is read in the process but is not in the sensitivity list [C:/Users/norag/OneDrive/Desktop/University/2nd Year/2nd sem/CA/MIPS/MIPS/MIPS.srcs/sources_1/new/executeUnit.vhd:35]
WARNING: [Synth 8-614] signal 'rd2' is read in the process but is not in the sensitivity list [C:/Users/norag/OneDrive/Desktop/University/2nd Year/2nd sem/CA/MIPS/MIPS/MIPS.srcs/sources_1/new/executeUnit.vhd:35]
WARNING: [Synth 8-614] signal 'res1' is read in the process but is not in the sensitivity list [C:/Users/norag/OneDrive/Desktop/University/2nd Year/2nd sem/CA/MIPS/MIPS/MIPS.srcs/sources_1/new/executeUnit.vhd:89]
INFO: [Synth 8-256] done synthesizing module 'executeUnit' (0#1) [C:/Users/norag/OneDrive/Desktop/University/2nd Year/2nd sem/CA/MIPS/MIPS/MIPS.srcs/sources_1/new/executeUnit.vhd:27]
INFO: [Synth 8-638] synthesizing module 'mem' [C:/Users/norag/OneDrive/Desktop/University/2nd Year/2nd sem/CA/MIPS/MIPS/MIPS.srcs/sources_1/new/mem.vhd:18]
WARNING: [Synth 8-614] signal 'ALURes' is read in the process but is not in the sensitivity list [C:/Users/norag/OneDrive/Desktop/University/2nd Year/2nd sem/CA/MIPS/MIPS/MIPS.srcs/sources_1/new/mem.vhd:29]
INFO: [Synth 8-256] done synthesizing module 'mem' (0#1) [C:/Users/norag/OneDrive/Desktop/University/2nd Year/2nd sem/CA/MIPS/MIPS/MIPS.srcs/sources_1/new/mem.vhd:18]
WARNING: [Synth 8-614] signal 'instruction' is read in the process but is not in the sensitivity list [C:/Users/norag/OneDrive/Desktop/University/2nd Year/2nd sem/CA/MIPS/MIPS/MIPS.srcs/sources_1/new/mip.vhd:164]
WARNING: [Synth 8-614] signal 'pc' is read in the process but is not in the sensitivity list [C:/Users/norag/OneDrive/Desktop/University/2nd Year/2nd sem/CA/MIPS/MIPS/MIPS.srcs/sources_1/new/mip.vhd:164]
WARNING: [Synth 8-614] signal 'rd1' is read in the process but is not in the sensitivity list [C:/Users/norag/OneDrive/Desktop/University/2nd Year/2nd sem/CA/MIPS/MIPS/MIPS.srcs/sources_1/new/mip.vhd:164]
WARNING: [Synth 8-614] signal 'rd2' is read in the process but is not in the sensitivity list [C:/Users/norag/OneDrive/Desktop/University/2nd Year/2nd sem/CA/MIPS/MIPS/MIPS.srcs/sources_1/new/mip.vhd:164]
WARNING: [Synth 8-614] signal 'ext_imm' is read in the process but is not in the sensitivity list [C:/Users/norag/OneDrive/Desktop/University/2nd Year/2nd sem/CA/MIPS/MIPS/MIPS.srcs/sources_1/new/mip.vhd:164]
WARNING: [Synth 8-614] signal 'ALURes' is read in the process but is not in the sensitivity list [C:/Users/norag/OneDrive/Desktop/University/2nd Year/2nd sem/CA/MIPS/MIPS/MIPS.srcs/sources_1/new/mip.vhd:164]
WARNING: [Synth 8-614] signal 'MemData' is read in the process but is not in the sensitivity list [C:/Users/norag/OneDrive/Desktop/University/2nd Year/2nd sem/CA/MIPS/MIPS/MIPS.srcs/sources_1/new/mip.vhd:164]
WARNING: [Synth 8-614] signal 'writeData' is read in the process but is not in the sensitivity list [C:/Users/norag/OneDrive/Desktop/University/2nd Year/2nd sem/CA/MIPS/MIPS/MIPS.srcs/sources_1/new/mip.vhd:164]
INFO: [Synth 8-256] done synthesizing module 'mip' (0#1) [C:/Users/norag/OneDrive/Desktop/University/2nd Year/2nd sem/CA/MIPS/MIPS/MIPS.srcs/sources_1/new/mip.vhd:17]
WARNING: [Synth 8-3848] Net br_Addr in module/entity executeUnit does not have driver. [C:/Users/norag/OneDrive/Desktop/University/2nd Year/2nd sem/CA/MIPS/MIPS/MIPS.srcs/sources_1/new/executeUnit.vhd:21]
WARNING: [Synth 8-3848] Net ALURes in module/entity executeUnit does not have driver. [C:/Users/norag/OneDrive/Desktop/University/2nd Year/2nd sem/CA/MIPS/MIPS/MIPS.srcs/sources_1/new/executeUnit.vhd:22]
WARNING: [Synth 8-3848] Net led in module/entity mip does not have driver. [C:/Users/norag/OneDrive/Desktop/University/2nd Year/2nd sem/CA/MIPS/MIPS/MIPS.srcs/sources_1/new/mip.vhd:12]
WARNING: [Synth 8-3848] Net jumpAdr in module/entity mip does not have driver. [C:/Users/norag/OneDrive/Desktop/University/2nd Year/2nd sem/CA/MIPS/MIPS/MIPS.srcs/sources_1/new/mip.vhd:23]
WARNING: [Synth 8-3848] Net jmpCtrl in module/entity mip does not have driver. [C:/Users/norag/OneDrive/Desktop/University/2nd Year/2nd sem/CA/MIPS/MIPS/MIPS.srcs/sources_1/new/mip.vhd:24]
WARNING: [Synth 8-7129] Port ALURes[15] in module mem is either unconnected or has no load
WARNING: [Synth 8-7129] Port ALURes[14] in module mem is either unconnected or has no load
WARNING: [Synth 8-7129] Port ALURes[13] in module mem is either unconnected or has no load
WARNING: [Synth 8-7129] Port ALURes[12] in module mem is either unconnected or has no load
WARNING: [Synth 8-7129] Port ALURes[11] in module mem is either unconnected or has no load
WARNING: [Synth 8-7129] Port ALURes[10] in module mem is either unconnected or has no load
WARNING: [Synth 8-7129] Port ALURes[9] in module mem is either unconnected or has no load
WARNING: [Synth 8-7129] Port ALURes[8] in module mem is either unconnected or has no load
WARNING: [Synth 8-7129] Port ALURes[7] in module mem is either unconnected or has no load
WARNING: [Synth 8-7129] Port ALURes[6] in module mem is either unconnected or has no load
WARNING: [Synth 8-7129] Port ALURes[5] in module mem is either unconnected or has no load
WARNING: [Synth 8-7129] Port ALURes[4] in module mem is either unconnected or has no load
WARNING: [Synth 8-7129] Port br_Addr[15] in module executeUnit is either unconnected or has no load
WARNING: [Synth 8-7129] Port br_Addr[14] in module executeUnit is either unconnected or has no load
WARNING: [Synth 8-7129] Port br_Addr[13] in module executeUnit is either unconnected or has no load
WARNING: [Synth 8-7129] Port br_Addr[12] in module executeUnit is either unconnected or has no load
WARNING: [Synth 8-7129] Port br_Addr[11] in module executeUnit is either unconnected or has no load
WARNING: [Synth 8-7129] Port br_Addr[10] in module executeUnit is either unconnected or has no load
WARNING: [Synth 8-7129] Port br_Addr[9] in module executeUnit is either unconnected or has no load
WARNING: [Synth 8-7129] Port br_Addr[8] in module executeUnit is either unconnected or has no load
WARNING: [Synth 8-7129] Port br_Addr[7] in module executeUnit is either unconnected or has no load
WARNING: [Synth 8-7129] Port br_Addr[6] in module executeUnit is either unconnected or has no load
WARNING: [Synth 8-7129] Port br_Addr[5] in module executeUnit is either unconnected or has no load
WARNING: [Synth 8-7129] Port br_Addr[4] in module executeUnit is either unconnected or has no load
WARNING: [Synth 8-7129] Port br_Addr[3] in module executeUnit is either unconnected or has no load
WARNING: [Synth 8-7129] Port br_Addr[2] in module executeUnit is either unconnected or has no load
WARNING: [Synth 8-7129] Port br_Addr[1] in module executeUnit is either unconnected or has no load
WARNING: [Synth 8-7129] Port br_Addr[0] in module executeUnit is either unconnected or has no load
WARNING: [Synth 8-7129] Port ALURes[15] in module executeUnit is either unconnected or has no load
WARNING: [Synth 8-7129] Port ALURes[14] in module executeUnit is either unconnected or has no load
WARNING: [Synth 8-7129] Port ALURes[13] in module executeUnit is either unconnected or has no load
WARNING: [Synth 8-7129] Port ALURes[12] in module executeUnit is either unconnected or has no load
WARNING: [Synth 8-7129] Port ALURes[11] in module executeUnit is either unconnected or has no load
WARNING: [Synth 8-7129] Port ALURes[10] in module executeUnit is either unconnected or has no load
WARNING: [Synth 8-7129] Port ALURes[9] in module executeUnit is either unconnected or has no load
WARNING: [Synth 8-7129] Port ALURes[8] in module executeUnit is either unconnected or has no load
WARNING: [Synth 8-7129] Port ALURes[7] in module executeUnit is either unconnected or has no load
WARNING: [Synth 8-7129] Port ALURes[6] in module executeUnit is either unconnected or has no load
WARNING: [Synth 8-7129] Port ALURes[5] in module executeUnit is either unconnected or has no load
WARNING: [Synth 8-7129] Port ALURes[4] in module executeUnit is either unconnected or has no load
WARNING: [Synth 8-7129] Port ALURes[3] in module executeUnit is either unconnected or has no load
WARNING: [Synth 8-7129] Port ALURes[2] in module executeUnit is either unconnected or has no load
WARNING: [Synth 8-7129] Port ALURes[1] in module executeUnit is either unconnected or has no load
WARNING: [Synth 8-7129] Port ALURes[0] in module executeUnit is either unconnected or has no load
WARNING: [Synth 8-7129] Port pc_1[15] in module executeUnit is either unconnected or has no load
WARNING: [Synth 8-7129] Port pc_1[14] in module executeUnit is either unconnected or has no load
WARNING: [Synth 8-7129] Port pc_1[13] in module executeUnit is either unconnected or has no load
WARNING: [Synth 8-7129] Port pc_1[12] in module executeUnit is either unconnected or has no load
WARNING: [Synth 8-7129] Port pc_1[11] in module executeUnit is either unconnected or has no load
WARNING: [Synth 8-7129] Port pc_1[10] in module executeUnit is either unconnected or has no load
WARNING: [Synth 8-7129] Port pc_1[9] in module executeUnit is either unconnected or has no load
WARNING: [Synth 8-7129] Port pc_1[8] in module executeUnit is either unconnected or has no load
WARNING: [Synth 8-7129] Port pc_1[7] in module executeUnit is either unconnected or has no load
WARNING: [Synth 8-7129] Port pc_1[6] in module executeUnit is either unconnected or has no load
WARNING: [Synth 8-7129] Port pc_1[5] in module executeUnit is either unconnected or has no load
WARNING: [Synth 8-7129] Port pc_1[4] in module executeUnit is either unconnected or has no load
WARNING: [Synth 8-7129] Port pc_1[3] in module executeUnit is either unconnected or has no load
WARNING: [Synth 8-7129] Port pc_1[2] in module executeUnit is either unconnected or has no load
WARNING: [Synth 8-7129] Port pc_1[1] in module executeUnit is either unconnected or has no load
WARNING: [Synth 8-7129] Port pc_1[0] in module executeUnit is either unconnected or has no load
WARNING: [Synth 8-7129] Port sa in module executeUnit is either unconnected or has no load
WARNING: [Synth 8-7129] Port instr[15] in module InstructionDecode is either unconnected or has no load
WARNING: [Synth 8-7129] Port instr[14] in module InstructionDecode is either unconnected or has no load
WARNING: [Synth 8-7129] Port instr[13] in module InstructionDecode is either unconnected or has no load
WARNING: [Synth 8-7129] Port writeData[15] in module InstructionDecode is either unconnected or has no load
WARNING: [Synth 8-7129] Port writeData[14] in module InstructionDecode is either unconnected or has no load
WARNING: [Synth 8-7129] Port writeData[13] in module InstructionDecode is either unconnected or has no load
WARNING: [Synth 8-7129] Port writeData[12] in module InstructionDecode is either unconnected or has no load
WARNING: [Synth 8-7129] Port writeData[11] in module InstructionDecode is either unconnected or has no load
WARNING: [Synth 8-7129] Port writeData[10] in module InstructionDecode is either unconnected or has no load
WARNING: [Synth 8-7129] Port writeData[9] in module InstructionDecode is either unconnected or has no load
WARNING: [Synth 8-7129] Port writeData[8] in module InstructionDecode is either unconnected or has no load
WARNING: [Synth 8-7129] Port writeData[7] in module InstructionDecode is either unconnected or has no load
WARNING: [Synth 8-7129] Port writeData[6] in module InstructionDecode is either unconnected or has no load
WARNING: [Synth 8-7129] Port writeData[5] in module InstructionDecode is either unconnected or has no load
WARNING: [Synth 8-7129] Port writeData[4] in module InstructionDecode is either unconnected or has no load
WARNING: [Synth 8-7129] Port writeData[3] in module InstructionDecode is either unconnected or has no load
WARNING: [Synth 8-7129] Port writeData[2] in module InstructionDecode is either unconnected or has no load
WARNING: [Synth 8-7129] Port writeData[1] in module InstructionDecode is either unconnected or has no load
WARNING: [Synth 8-7129] Port writeData[0] in module InstructionDecode is either unconnected or has no load
WARNING: [Synth 8-7129] Port led[15] in module mip is either unconnected or has no load
WARNING: [Synth 8-7129] Port led[14] in module mip is either unconnected or has no load
WARNING: [Synth 8-7129] Port led[13] in module mip is either unconnected or has no load
WARNING: [Synth 8-7129] Port led[12] in module mip is either unconnected or has no load
WARNING: [Synth 8-7129] Port led[11] in module mip is either unconnected or has no load
WARNING: [Synth 8-7129] Port led[10] in module mip is either unconnected or has no load
WARNING: [Synth 8-7129] Port led[9] in module mip is either unconnected or has no load
WARNING: [Synth 8-7129] Port led[8] in module mip is either unconnected or has no load
WARNING: [Synth 8-7129] Port led[7] in module mip is either unconnected or has no load
WARNING: [Synth 8-7129] Port led[6] in module mip is either unconnected or has no load
WARNING: [Synth 8-7129] Port led[5] in module mip is either unconnected or has no load
WARNING: [Synth 8-7129] Port led[4] in module mip is either unconnected or has no load
WARNING: [Synth 8-7129] Port led[3] in module mip is either unconnected or has no load
WARNING: [Synth 8-7129] Port led[2] in module mip is either unconnected or has no load
WARNING: [Synth 8-7129] Port led[1] in module mip is either unconnected or has no load
WARNING: [Synth 8-7129] Port led[0] in module mip is either unconnected or has no load
WARNING: [Synth 8-7129] Port sw[15] in module mip is either unconnected or has no load
WARNING: [Synth 8-7129] Port sw[14] in module mip is either unconnected or has no load
WARNING: [Synth 8-7129] Port sw[13] in module mip is either unconnected or has no load
WARNING: [Synth 8-7129] Port sw[12] in module mip is either unconnected or has no load
INFO: [Common 17-14] Message 'Synth 8-7129' appears 100 times and further instances of the messages will be disabled. Use the Tcl command set_msg_config to change the current settings.
---------------------------------------------------------------------------------
Finished Synthesize : Time (s): cpu = 00:00:03 ; elapsed = 00:00:08 . Memory (MB): peak = 1293.246 ; gain = 0.000
---------------------------------------------------------------------------------
---------------------------------------------------------------------------------
Finished Constraint Validation : Time (s): cpu = 00:00:03 ; elapsed = 00:00:09 . Memory (MB): peak = 1293.246 ; gain = 0.000
---------------------------------------------------------------------------------
---------------------------------------------------------------------------------
Start Loading Part and Timing Information
---------------------------------------------------------------------------------
Loading part: xc7a75tcsg324-1
---------------------------------------------------------------------------------
INFO: [Device 21-403] Loading part xc7a75tcsg324-1
Finished Loading Part and Timing Information : Time (s): cpu = 00:00:03 ; elapsed = 00:00:09 . Memory (MB): peak = 1293.246 ; gain = 0.000
---------------------------------------------------------------------------------
WARNING: [Synth 8-327] inferring latch for variable 'zero_reg' [C:/Users/norag/OneDrive/Desktop/University/2nd Year/2nd sem/CA/MIPS/MIPS/MIPS.srcs/sources_1/new/executeUnit.vhd:95]
---------------------------------------------------------------------------------
Finished RTL Optimization Phase 2 : Time (s): cpu = 00:00:04 ; elapsed = 00:00:09 . Memory (MB): peak = 1293.246 ; gain = 0.000
---------------------------------------------------------------------------------
No constraint files found.
---------------------------------------------------------------------------------
Start RTL Component Statistics 
---------------------------------------------------------------------------------
Detailed RTL Component Info : 
+---Adders : 
	   2 Input   17 Bit       Adders := 1     
	   3 Input   17 Bit       Adders := 1     
	   2 Input   16 Bit       Adders := 1     
+---XORs : 
	   2 Input     16 Bit         XORs := 2     
+---Registers : 
	               16 Bit    Registers := 2     
	                4 Bit    Registers := 2     
	                1 Bit    Registers := 15    
+---RAMs : 
	              128 Bit	(8 X 16 bit)          RAMs := 1     
+---Muxes : 
	  17 Input   16 Bit        Muxes := 1     
	   2 Input   16 Bit        Muxes := 6     
	   4 Input    4 Bit        Muxes := 2     
	   8 Input    4 Bit        Muxes := 1     
	   8 Input    3 Bit        Muxes := 1     
	   2 Input    3 Bit        Muxes := 1     
	  10 Input    3 Bit        Muxes := 1     
	   8 Input    1 Bit        Muxes := 7     
	   5 Input    1 Bit        Muxes := 1     
	  10 Input    1 Bit        Muxes := 1     
---------------------------------------------------------------------------------
Finished RTL Component Statistics 
---------------------------------------------------------------------------------
---------------------------------------------------------------------------------
Start Part Resource Summary
---------------------------------------------------------------------------------
Part Resources:
DSPs: 180 (col length:80)
BRAMs: 210 (col length: RAMB18 80 RAMB36 40)
---------------------------------------------------------------------------------
Finished Part Resource Summary
---------------------------------------------------------------------------------
No constraint files found.
---------------------------------------------------------------------------------
Start Cross Boundary and Area Optimization
---------------------------------------------------------------------------------
WARNING: [Synth 8-7080] Parallel synthesis criteria is not met
WARNING: [Synth 8-3332] Sequential element (ExecUnit/zero_reg) is unused and will be removed from module mip.
---------------------------------------------------------------------------------
Finished Cross Boundary and Area Optimization : Time (s): cpu = 00:00:07 ; elapsed = 00:00:27 . Memory (MB): peak = 1293.246 ; gain = 0.000
---------------------------------------------------------------------------------
---------------------------------------------------------------------------------
Start ROM, RAM, DSP, Shift Register and Retiming Reporting
---------------------------------------------------------------------------------

Distributed RAM: Preliminary Mapping Report (see note below)
+------------+----------------------------+-----------+----------------------+----------------+
|Module Name | RTL Object                 | Inference | Size (Depth x Width) | Primitives     | 
+------------+----------------------------+-----------+----------------------+----------------+
|mip         | IDecode/regFile/regArr_reg | Implied   | 8 x 3                | RAM16X1D x 16  | 
+------------+----------------------------+-----------+----------------------+----------------+

Note: The table above is a preliminary report that shows the Distributed RAMs at the current stage of the synthesis flow. Some Distributed RAMs may be reimplemented as non Distributed RAM primitives later in the synthesis flow. Multiple instantiated RAMs are reported only once.
---------------------------------------------------------------------------------
Finished ROM, RAM, DSP, Shift Register and Retiming Reporting
---------------------------------------------------------------------------------
No constraint files found.
---------------------------------------------------------------------------------
Start Timing Optimization
---------------------------------------------------------------------------------
---------------------------------------------------------------------------------
Finished Timing Optimization : Time (s): cpu = 00:00:07 ; elapsed = 00:00:27 . Memory (MB): peak = 1293.246 ; gain = 0.000
---------------------------------------------------------------------------------
---------------------------------------------------------------------------------
Start ROM, RAM, DSP, Shift Register and Retiming Reporting
---------------------------------------------------------------------------------

Distributed RAM: Final Mapping Report
+------------+----------------------------+-----------+----------------------+----------------+
|Module Name | RTL Object                 | Inference | Size (Depth x Width) | Primitives     | 
+------------+----------------------------+-----------+----------------------+----------------+
|mip         | IDecode/regFile/regArr_reg | Implied   | 8 x 3                | RAM16X1D x 16  | 
+------------+----------------------------+-----------+----------------------+----------------+

---------------------------------------------------------------------------------
Finished ROM, RAM, DSP, Shift Register and Retiming Reporting
---------------------------------------------------------------------------------
---------------------------------------------------------------------------------
Start Technology Mapping
---------------------------------------------------------------------------------
---------------------------------------------------------------------------------
Finished Technology Mapping : Time (s): cpu = 00:00:07 ; elapsed = 00:00:27 . Memory (MB): peak = 1293.246 ; gain = 0.000
---------------------------------------------------------------------------------
---------------------------------------------------------------------------------
Start IO Insertion
---------------------------------------------------------------------------------
---------------------------------------------------------------------------------
Start Flattening Before IO Insertion
---------------------------------------------------------------------------------
---------------------------------------------------------------------------------
Finished Flattening Before IO Insertion
---------------------------------------------------------------------------------
---------------------------------------------------------------------------------
Start Final Netlist Cleanup
---------------------------------------------------------------------------------
---------------------------------------------------------------------------------
Finished Final Netlist Cleanup
---------------------------------------------------------------------------------
---------------------------------------------------------------------------------
Finished IO Insertion : Time (s): cpu = 00:00:08 ; elapsed = 00:00:31 . Memory (MB): peak = 1293.246 ; gain = 0.000
---------------------------------------------------------------------------------
---------------------------------------------------------------------------------
Start Renaming Generated Instances
---------------------------------------------------------------------------------
---------------------------------------------------------------------------------
Finished Renaming Generated Instances : Time (s): cpu = 00:00:08 ; elapsed = 00:00:31 . Memory (MB): peak = 1293.246 ; gain = 0.000
---------------------------------------------------------------------------------
---------------------------------------------------------------------------------
Start Rebuilding User Hierarchy
---------------------------------------------------------------------------------
---------------------------------------------------------------------------------
Finished Rebuilding User Hierarchy : Time (s): cpu = 00:00:08 ; elapsed = 00:00:31 . Memory (MB): peak = 1293.246 ; gain = 0.000
---------------------------------------------------------------------------------
---------------------------------------------------------------------------------
Start Renaming Generated Ports
---------------------------------------------------------------------------------
---------------------------------------------------------------------------------
Finished Renaming Generated Ports : Time (s): cpu = 00:00:08 ; elapsed = 00:00:31 . Memory (MB): peak = 1293.246 ; gain = 0.000
---------------------------------------------------------------------------------
---------------------------------------------------------------------------------
Start Handling Custom Attributes
---------------------------------------------------------------------------------
---------------------------------------------------------------------------------
Finished Handling Custom Attributes : Time (s): cpu = 00:00:08 ; elapsed = 00:00:31 . Memory (MB): peak = 1293.246 ; gain = 0.000
---------------------------------------------------------------------------------
---------------------------------------------------------------------------------
Start Renaming Generated Nets
---------------------------------------------------------------------------------
---------------------------------------------------------------------------------
Finished Renaming Generated Nets : Time (s): cpu = 00:00:08 ; elapsed = 00:00:31 . Memory (MB): peak = 1293.246 ; gain = 0.000
---------------------------------------------------------------------------------
---------------------------------------------------------------------------------
Start Writing Synthesis Report
---------------------------------------------------------------------------------

Report BlackBoxes: 
+-+--------------+----------+
| |BlackBox name |Instances |
+-+--------------+----------+
+-+--------------+----------+

Report Cell Usage: 
+------+---------+------+
|      |Cell     |Count |
+------+---------+------+
|1     |BUFG     |     1|
|2     |CARRY4   |    13|
|3     |LUT1     |     4|
|4     |LUT2     |     6|
|5     |LUT3     |     9|
|6     |LUT4     |    10|
|7     |LUT5     |    13|
|8     |LUT6     |    10|
|9     |RAM16X1D |     2|
|10    |FDCE     |    16|
|11    |FDRE     |    53|
|12    |IBUF     |     5|
|13    |OBUF     |    11|
|14    |OBUFT    |    16|
+------+---------+------+

Report Instance Areas: 
+------+------------+------------------+------+
|      |Instance    |Module            |Cells |
+------+------------+------------------+------+
|1     |top         |                  |   169|
|2     |  IDecode   |InstructionDecode |     4|
|3     |    regFile |registerFile      |     4|
|4     |  IFetch    |InstructionFetch  |    56|
|5     |    mem     |Memory            |    35|
|6     |  deb1      |debouncer         |    31|
|7     |  ssd       |SSD               |    45|
+------+------------+------------------+------+
---------------------------------------------------------------------------------
Finished Writing Synthesis Report : Time (s): cpu = 00:00:08 ; elapsed = 00:00:31 . Memory (MB): peak = 1293.246 ; gain = 0.000
---------------------------------------------------------------------------------
Synthesis finished with 0 errors, 0 critical warnings and 167 warnings.
Synthesis Optimization Runtime : Time (s): cpu = 00:00:08 ; elapsed = 00:00:31 . Memory (MB): peak = 1293.246 ; gain = 0.000
Synthesis Optimization Complete : Time (s): cpu = 00:00:08 ; elapsed = 00:00:31 . Memory (MB): peak = 1293.246 ; gain = 0.000
INFO: [Project 1-571] Translating synthesized netlist
Netlist sorting complete. Time (s): cpu = 00:00:00 ; elapsed = 00:00:00.002 . Memory (MB): peak = 1293.246 ; gain = 0.000
INFO: [Netlist 29-17] Analyzing 15 Unisim elements for replacement
INFO: [Netlist 29-28] Unisim Transformation completed in 0 CPU seconds
INFO: [Project 1-570] Preparing netlist for logic optimization
INFO: [Opt 31-138] Pushed 0 inverter(s) to 0 load pin(s).
Netlist sorting complete. Time (s): cpu = 00:00:00 ; elapsed = 00:00:00.001 . Memory (MB): peak = 1293.246 ; gain = 0.000
INFO: [Project 1-111] Unisim Transformation Summary:
  A total of 2 instances were transformed.
  RAM16X1D => RAM32X1D (RAMD32(x2)): 2 instances

Synth Design complete, checksum: 44b96e14
INFO: [Common 17-83] Releasing license: Synthesis
35 Infos, 129 Warnings, 0 Critical Warnings and 0 Errors encountered.
synth_design completed successfully
synth_design: Time (s): cpu = 00:00:09 ; elapsed = 00:00:34 . Memory (MB): peak = 1293.246 ; gain = 0.000
INFO: [Common 17-1381] The checkpoint 'C:/Users/norag/OneDrive/Desktop/University/2nd Year/2nd sem/CA/MIPS/MIPS/MIPS.runs/synth_1/mip.dcp' has been generated.
INFO: [runtcl-4] Executing : report_utilization -file mip_utilization_synth.rpt -pb mip_utilization_synth.pb
INFO: [Common 17-206] Exiting Vivado at Tue Apr 16 13:27:54 2024...
